<?xml version="1.0" encoding="UTF-8"?>
<testsuite name="BullsCowsTest" tests="1" skipped="0" failures="0" errors="0" timestamp="2025-09-29T14:46:53" hostname="TRAYANA" time="0.135">
  <properties/>
  <testcase name="start" classname="BullsCowsTest" time="0.135"/>
  <system-out><![CDATA[?[1;31m
Start test 1?[0m
Input the length of the secret code:
> 1
Input the number of possible symbols in the code:
> 10
The secret is prepared: * (0-9).
Okay, let's start a game!
Turn 1:
> 0
Grade: None
Turn 2:
> 1
Grade: None
Turn 3:
> 2
Grade: None
Turn 4:
> 3
Grade: None
Turn 5:
> 4
Grade: None
Turn 6:
> 5
Grade: None
Turn 7:
> 6
Grade: None
Turn 8:
> 7
Grade: None
Turn 9:
> 8
Grade: 1 bull(s)
Congratulations! You guessed the secret code.
?[1;31m
Start test 2?[0m
Input the length of the secret code:
> 4
Input the number of possible symbols in the code:
> 10
The secret is prepared: **** (0-9).
Okay, let's start a game!
Turn 1:
> 0000
Grade: None
Turn 2:
> 1111
Grade: 1 bull(s) and 3 cow(s)
Turn 3:
> 2222
Grade: None
Turn 4:
> 3333
Grade: 1 bull(s) and 3 cow(s)
Turn 5:
> 4444
Grade: None
Turn 6:
> 5555
Grade: None
Turn 7:
> 6666
Grade: None
Turn 8:
> 7777
Grade: None
Turn 9:
> 8888
Grade: 1 bull(s) and 3 cow(s)
Turn 10:
> 9999
Grade: 1 bull(s) and 3 cow(s)
Turn 11:
> 1389
Grade: 4 cow(s)
Turn 12:
> 3189
Grade: 4 cow(s)
Turn 13:
> 8139
Grade: 1 bull(s) and 3 cow(s)
Turn 14:
> 1839
Grade: 2 bull(s) and 2 cow(s)
Turn 15:
> 3819
Grade: 1 bull(s) and 3 cow(s)
Turn 16:
> 8319
Grade: 4 cow(s)
Turn 17:
> 9318
Grade: 1 bull(s) and 3 cow(s)
Turn 18:
> 3918
Grade: 4 cow(s)
Turn 19:
> 1938
Grade: 1 bull(s) and 3 cow(s)
Turn 20:
> 9138
Grade: 2 bull(s) and 2 cow(s)
Turn 21:
> 3198
Grade: 4 cow(s)
Turn 22:
> 1398
Grade: 4 cow(s)
Turn 23:
> 1893
Grade: 1 bull(s) and 3 cow(s)
Turn 24:
> 8193
Grade: 4 cow(s)
Turn 25:
> 9183
Grade: 1 bull(s) and 3 cow(s)
Turn 26:
> 1983
Grade: 4 cow(s)
Turn 27:
> 8913
Grade: 4 cow(s)
Turn 28:
> 9813
Grade: 2 bull(s) and 2 cow(s)
Turn 29:
> 9831
Grade: 4 bull(s)
Congratulations! You guessed the secret code.
?[1;31m
Start test 3?[0m
Input the length of the secret code:
> 6
Input the number of possible symbols in the code:
> 10
The secret is prepared: ****** (0-9).
Okay, let's start a game!
Turn 1:
> 000000
Grade: 1 bull(s) and 5 cow(s)
Turn 2:
> 111111
Grade: 1 bull(s) and 5 cow(s)
Turn 3:
> 222222
Grade: 1 bull(s) and 5 cow(s)
Turn 4:
> 333333
Grade: 1 bull(s) and 5 cow(s)
Turn 5:
> 444444
Grade: None
Turn 6:
> 555555
Grade: None
Turn 7:
> 666666
Grade: 1 bull(s) and 5 cow(s)
Turn 8:
> 777777
Grade: 1 bull(s) and 5 cow(s)
Turn 9:
> 012367
Grade: 1 bull(s) and 5 cow(s)
Turn 10:
> 102367
Grade: 2 bull(s) and 4 cow(s)
Turn 11:
> 201367
Grade: 1 bull(s) and 5 cow(s)
Turn 12:
> 021367
Grade: 1 bull(s) and 5 cow(s)
Turn 13:
> 120367
Grade: 2 bull(s) and 4 cow(s)
Turn 14:
> 210367
Grade: 1 bull(s) and 5 cow(s)
Turn 15:
> 310267
Grade: 1 bull(s) and 5 cow(s)
Turn 16:
> 130267
Grade: 3 bull(s) and 3 cow(s)
Turn 17:
> 031267
Grade: 2 bull(s) and 4 cow(s)
Turn 18:
> 301267
Grade: 1 bull(s) and 5 cow(s)
Turn 19:
> 103267
Grade: 2 bull(s) and 4 cow(s)
Turn 20:
> 013267
Grade: 1 bull(s) and 5 cow(s)
Turn 21:
> 023167
Grade: 1 bull(s) and 5 cow(s)
Turn 22:
> 203167
Grade: 1 bull(s) and 5 cow(s)
Turn 23:
> 302167
Grade: 1 bull(s) and 5 cow(s)
Turn 24:
> 032167
Grade: 2 bull(s) and 4 cow(s)
Turn 25:
> 230167
Grade: 2 bull(s) and 4 cow(s)
Turn 26:
> 320167
Grade: 1 bull(s) and 5 cow(s)
Turn 27:
> 321067
Grade: 2 bull(s) and 4 cow(s)
Turn 28:
> 231067
Grade: 3 bull(s) and 3 cow(s)
Turn 29:
> 132067
Grade: 4 bull(s) and 2 cow(s)
Turn 30:
> 312067
Grade: 2 bull(s) and 4 cow(s)
Turn 31:
> 213067
Grade: 2 bull(s) and 4 cow(s)
Turn 32:
> 123067
Grade: 3 bull(s) and 3 cow(s)
Turn 33:
> 623017
Grade: 2 bull(s) and 4 cow(s)
Turn 34:
> 263017
Grade: 2 bull(s) and 4 cow(s)
Turn 35:
> 362017
Grade: 2 bull(s) and 4 cow(s)
Turn 36:
> 632017
Grade: 3 bull(s) and 3 cow(s)
Turn 37:
> 236017
Grade: 4 bull(s) and 2 cow(s)
Turn 38:
> 326017
Grade: 3 bull(s) and 3 cow(s)
Turn 39:
> 026317
Grade: 2 bull(s) and 4 cow(s)
Turn 40:
> 206317
Grade: 2 bull(s) and 4 cow(s)
Turn 41:
> 602317
Grade: 1 bull(s) and 5 cow(s)
Turn 42:
> 062317
Grade: 1 bull(s) and 5 cow(s)
Turn 43:
> 260317
Grade: 1 bull(s) and 5 cow(s)
Turn 44:
> 620317
Grade: 1 bull(s) and 5 cow(s)
Turn 45:
> 630217
Grade: 2 bull(s) and 4 cow(s)
Turn 46:
> 360217
Grade: 1 bull(s) and 5 cow(s)
Turn 47:
> 063217
Grade: 1 bull(s) and 5 cow(s)
Turn 48:
> 603217
Grade: 1 bull(s) and 5 cow(s)
Turn 49:
> 306217
Grade: 2 bull(s) and 4 cow(s)
Turn 50:
> 036217
Grade: 3 bull(s) and 3 cow(s)
Turn 51:
> 032617
Grade: 2 bull(s) and 4 cow(s)
Turn 52:
> 302617
Grade: 1 bull(s) and 5 cow(s)
Turn 53:
> 203617
Grade: 1 bull(s) and 5 cow(s)
Turn 54:
> 023617
Grade: 1 bull(s) and 5 cow(s)
Turn 55:
> 320617
Grade: 1 bull(s) and 5 cow(s)
Turn 56:
> 230617
Grade: 2 bull(s) and 4 cow(s)
Turn 57:
> 130627
Grade: 4 bull(s) and 2 cow(s)
Turn 58:
> 310627
Grade: 2 bull(s) and 4 cow(s)
Turn 59:
> 013627
Grade: 2 bull(s) and 4 cow(s)
Turn 60:
> 103627
Grade: 3 bull(s) and 3 cow(s)
Turn 61:
> 301627
Grade: 2 bull(s) and 4 cow(s)
Turn 62:
> 031627
Grade: 3 bull(s) and 3 cow(s)
Turn 63:
> 631027
Grade: 4 bull(s) and 2 cow(s)
Turn 64:
> 361027
Grade: 3 bull(s) and 3 cow(s)
Turn 65:
> 163027
Grade: 4 bull(s) and 2 cow(s)
Turn 66:
> 613027
Grade: 3 bull(s) and 3 cow(s)
Turn 67:
> 316027
Grade: 4 bull(s) and 2 cow(s)
Turn 68:
> 136027
Grade: 6 bull(s)
Congratulations! You guessed the secret code.
?[1;31m
Start test 4?[0m
Input the length of the secret code:
> 11
Input the number of possible symbols in the code:
> 10
Error: it's not possible to generate a code with a length of 11 with 10 unique symbols.
?[1;31m
Start test 5?[0m
Input the length of the secret code:
> 4
Input the number of possible symbols in the code:
> 16
The secret is prepared: **** (0-9, a-f).
Okay, let's start a game!
Turn 1:
> 0000
Grade: None
Turn 2:
> 1111
Grade: None
Turn 3:
> 2222
Grade: None
Turn 4:
> 3333
Grade: None
Turn 5:
> 4444
Grade: None
Turn 6:
> 5555
Grade: None
Turn 7:
> 6666
Grade: 1 bull(s) and 3 cow(s)
Turn 8:
> 7777
Grade: None
Turn 9:
> 8888
Grade: None
Turn 10:
> 9999
Grade: 1 bull(s) and 3 cow(s)
Turn 11:
> aaaa
Grade: 1 bull(s) and 3 cow(s)
Turn 12:
> bbbb
Grade: None
Turn 13:
> cccc
Grade: None
Turn 14:
> dddd
Grade: None
Turn 15:
> eeee
Grade: None
Turn 16:
> ffff
Grade: 1 bull(s) and 3 cow(s)
Turn 17:
> 69af
Grade: 4 cow(s)
Turn 18:
> 96af
Grade: 1 bull(s) and 3 cow(s)
Turn 19:
> a69f
Grade: 2 bull(s) and 2 cow(s)
Turn 20:
> 6a9f
Grade: 1 bull(s) and 3 cow(s)
Turn 21:
> 9a6f
Grade: 4 cow(s)
Turn 22:
> a96f
Grade: 4 cow(s)
Turn 23:
> f96a
Grade: 2 bull(s) and 2 cow(s)
Turn 24:
> 9f6a
Grade: 1 bull(s) and 3 cow(s)
Turn 25:
> 6f9a
Grade: 2 bull(s) and 2 cow(s)
Turn 26:
> f69a
Grade: 4 bull(s)
Congratulations! You guessed the secret code.
?[1;31m
Start test 6?[0m
Input the length of the secret code:
> 6
Input the number of possible symbols in the code:
> 36
The secret is prepared: ****** (0-9, a-z).
Okay, let's start a game!
Turn 1:
> 000000
Grade: None
Turn 2:
> 111111
Grade: None
Turn 3:
> 222222
Grade: None
Turn 4:
> 333333
Grade: 1 bull(s) and 5 cow(s)
Turn 5:
> 444444
Grade: None
Turn 6:
> 555555
Grade: None
Turn 7:
> 666666
Grade: None
Turn 8:
> 777777
Grade: None
Turn 9:
> 888888
Grade: None
Turn 10:
> 999999
Grade: 1 bull(s) and 5 cow(s)
Turn 11:
> aaaaaa
Grade: None
Turn 12:
> bbbbbb
Grade: None
Turn 13:
> cccccc
Grade: None
Turn 14:
> dddddd
Grade: None
Turn 15:
> eeeeee
Grade: 1 bull(s) and 5 cow(s)
Turn 16:
> ffffff
Grade: None
Turn 17:
> gggggg
Grade: None
Turn 18:
> hhhhhh
Grade: 1 bull(s) and 5 cow(s)
Turn 19:
> iiiiii
Grade: None
Turn 20:
> jjjjjj
Grade: 1 bull(s) and 5 cow(s)
Turn 21:
> kkkkkk
Grade: None
Turn 22:
> llllll
Grade: 1 bull(s) and 5 cow(s)
Turn 23:
> 39ehjl
Grade: 2 bull(s) and 4 cow(s)
Turn 24:
> 93ehjl
Grade: 1 bull(s) and 5 cow(s)
Turn 25:
> e39hjl
Grade: 2 bull(s) and 4 cow(s)
Turn 26:
> 3e9hjl
Grade: 3 bull(s) and 3 cow(s)
Turn 27:
> 9e3hjl
Grade: 1 bull(s) and 5 cow(s)
Turn 28:
> e93hjl
Grade: 1 bull(s) and 5 cow(s)
Turn 29:
> h93ejl
Grade: 6 cow(s)
Turn 30:
> 9h3ejl
Grade: 6 cow(s)
Turn 31:
> 3h9ejl
Grade: 2 bull(s) and 4 cow(s)
Turn 32:
> h39ejl
Grade: 1 bull(s) and 5 cow(s)
Turn 33:
> 93hejl
Grade: 6 cow(s)
Turn 34:
> 39hejl
Grade: 1 bull(s) and 5 cow(s)
Turn 35:
> 3eh9jl
Grade: 1 bull(s) and 5 cow(s)
Turn 36:
> e3h9jl
Grade: 6 cow(s)
Turn 37:
> h3e9jl
Grade: 6 cow(s)
Turn 38:
> 3he9jl
Grade: 1 bull(s) and 5 cow(s)
Turn 39:
> eh39jl
Grade: 6 cow(s)
Turn 40:
> he39jl
Grade: 6 cow(s)
Turn 41:
> he93jl
Grade: 1 bull(s) and 5 cow(s)
Turn 42:
> eh93jl
Grade: 1 bull(s) and 5 cow(s)
Turn 43:
> 9he3jl
Grade: 6 cow(s)
Turn 44:
> h9e3jl
Grade: 6 cow(s)
Turn 45:
> e9h3jl
Grade: 6 cow(s)
Turn 46:
> 9eh3jl
Grade: 6 cow(s)
Turn 47:
> jeh39l
Grade: 6 cow(s)
Turn 48:
> ejh39l
Grade: 6 cow(s)
Turn 49:
> hje39l
Grade: 6 cow(s)
Turn 50:
> jhe39l
Grade: 6 cow(s)
Turn 51:
> ehj39l
Grade: 6 cow(s)
Turn 52:
> hej39l
Grade: 6 cow(s)
Turn 53:
> 3ejh9l
Grade: 2 bull(s) and 4 cow(s)
Turn 54:
> e3jh9l
Grade: 1 bull(s) and 5 cow(s)
Turn 55:
> j3eh9l
Grade: 1 bull(s) and 5 cow(s)
Turn 56:
> 3jeh9l
Grade: 2 bull(s) and 4 cow(s)
Turn 57:
> ej3h9l
Grade: 1 bull(s) and 5 cow(s)
Turn 58:
> je3h9l
Grade: 1 bull(s) and 5 cow(s)
Turn 59:
> jh3e9l
Grade: 6 cow(s)
Turn 60:
> hj3e9l
Grade: 6 cow(s)
Turn 61:
> 3jhe9l
Grade: 1 bull(s) and 5 cow(s)
Turn 62:
> j3he9l
Grade: 6 cow(s)
Turn 63:
> h3je9l
Grade: 6 cow(s)
Turn 64:
> 3hje9l
Grade: 1 bull(s) and 5 cow(s)
Turn 65:
> 3hej9l
Grade: 1 bull(s) and 5 cow(s)
Turn 66:
> h3ej9l
Grade: 6 cow(s)
Turn 67:
> e3hj9l
Grade: 6 cow(s)
Turn 68:
> 3ehj9l
Grade: 1 bull(s) and 5 cow(s)
Turn 69:
> he3j9l
Grade: 6 cow(s)
Turn 70:
> eh3j9l
Grade: 6 cow(s)
Turn 71:
> 9h3jel
Grade: 1 bull(s) and 5 cow(s)
Turn 72:
> h93jel
Grade: 1 bull(s) and 5 cow(s)
Turn 73:
> 39hjel
Grade: 2 bull(s) and 4 cow(s)
Turn 74:
> 93hjel
Grade: 1 bull(s) and 5 cow(s)
Turn 75:
> h39jel
Grade: 2 bull(s) and 4 cow(s)
Turn 76:
> 3h9jel
Grade: 3 bull(s) and 3 cow(s)
Turn 77:
> jh93el
Grade: 2 bull(s) and 4 cow(s)
Turn 78:
> hj93el
Grade: 2 bull(s) and 4 cow(s)
Turn 79:
> 9jh3el
Grade: 1 bull(s) and 5 cow(s)
Turn 80:
> j9h3el
Grade: 1 bull(s) and 5 cow(s)
Turn 81:
> h9j3el
Grade: 1 bull(s) and 5 cow(s)
Turn 82:
> 9hj3el
Grade: 1 bull(s) and 5 cow(s)
Turn 83:
> 93jhel
Grade: 2 bull(s) and 4 cow(s)
Turn 84:
> 39jhel
Grade: 3 bull(s) and 3 cow(s)
Turn 85:
> j93hel
Grade: 2 bull(s) and 4 cow(s)
Turn 86:
> 9j3hel
Grade: 2 bull(s) and 4 cow(s)
Turn 87:
> 3j9hel
Grade: 4 bull(s) and 2 cow(s)
Turn 88:
> j39hel
Grade: 3 bull(s) and 3 cow(s)
Turn 89:
> j3h9el
Grade: 1 bull(s) and 5 cow(s)
Turn 90:
> 3jh9el
Grade: 2 bull(s) and 4 cow(s)
Turn 91:
> hj39el
Grade: 1 bull(s) and 5 cow(s)
Turn 92:
> jh39el
Grade: 1 bull(s) and 5 cow(s)
Turn 93:
> 3hj9el
Grade: 2 bull(s) and 4 cow(s)
Turn 94:
> h3j9el
Grade: 1 bull(s) and 5 cow(s)
Turn 95:
> e3j9hl
Grade: 6 cow(s)
Turn 96:
> 3ej9hl
Grade: 1 bull(s) and 5 cow(s)
Turn 97:
> je39hl
Grade: 6 cow(s)
Turn 98:
> ej39hl
Grade: 6 cow(s)
Turn 99:
> 3je9hl
Grade: 1 bull(s) and 5 cow(s)
Turn 100:
> j3e9hl
Grade: 6 cow(s)
Turn 101:
> 93ejhl
Grade: 6 cow(s)
Turn 102:
> 39ejhl
Grade: 1 bull(s) and 5 cow(s)
Turn 103:
> e93jhl
Grade: 6 cow(s)
Turn 104:
> 9e3jhl
Grade: 6 cow(s)
Turn 105:
> 3e9jhl
Grade: 2 bull(s) and 4 cow(s)
Turn 106:
> e39jhl
Grade: 1 bull(s) and 5 cow(s)
Turn 107:
> ej93hl
Grade: 1 bull(s) and 5 cow(s)
Turn 108:
> je93hl
Grade: 1 bull(s) and 5 cow(s)
Turn 109:
> 9ej3hl
Grade: 6 cow(s)
Turn 110:
> e9j3hl
Grade: 6 cow(s)
Turn 111:
> j9e3hl
Grade: 6 cow(s)
Turn 112:
> 9je3hl
Grade: 6 cow(s)
Turn 113:
> 9j3ehl
Grade: 6 cow(s)
Turn 114:
> j93ehl
Grade: 6 cow(s)
Turn 115:
> 39jehl
Grade: 1 bull(s) and 5 cow(s)
Turn 116:
> 93jehl
Grade: 6 cow(s)
Turn 117:
> j39ehl
Grade: 1 bull(s) and 5 cow(s)
Turn 118:
> 3j9ehl
Grade: 2 bull(s) and 4 cow(s)
Turn 119:
> hj9e3l
Grade: 1 bull(s) and 5 cow(s)
Turn 120:
> jh9e3l
Grade: 1 bull(s) and 5 cow(s)
Turn 121:
> 9hje3l
Grade: 6 cow(s)
Turn 122:
> h9je3l
Grade: 6 cow(s)
Turn 123:
> j9he3l
Grade: 6 cow(s)
Turn 124:
> 9jhe3l
Grade: 6 cow(s)
Turn 125:
> ejh93l
Grade: 6 cow(s)
Turn 126:
> jeh93l
Grade: 6 cow(s)
Turn 127:
> hej93l
Grade: 6 cow(s)
Turn 128:
> ehj93l
Grade: 6 cow(s)
Turn 129:
> jhe93l
Grade: 6 cow(s)
Turn 130:
> hje93l
Grade: 6 cow(s)
Turn 131:
> h9ej3l
Grade: 6 cow(s)
Turn 132:
> 9hej3l
Grade: 6 cow(s)
Turn 133:
> eh9j3l
Grade: 1 bull(s) and 5 cow(s)
Turn 134:
> he9j3l
Grade: 1 bull(s) and 5 cow(s)
Turn 135:
> 9ehj3l
Grade: 6 cow(s)
Turn 136:
> e9hj3l
Grade: 6 cow(s)
Turn 137:
> e9jh3l
Grade: 1 bull(s) and 5 cow(s)
Turn 138:
> 9ejh3l
Grade: 1 bull(s) and 5 cow(s)
Turn 139:
> je9h3l
Grade: 2 bull(s) and 4 cow(s)
Turn 140:
> ej9h3l
Grade: 2 bull(s) and 4 cow(s)
Turn 141:
> 9jeh3l
Grade: 1 bull(s) and 5 cow(s)
Turn 142:
> j9eh3l
Grade: 1 bull(s) and 5 cow(s)
Turn 143:
> l9eh3j
Grade: 2 bull(s) and 4 cow(s)
Turn 144:
> 9leh3j
Grade: 3 bull(s) and 3 cow(s)
Turn 145:
> el9h3j
Grade: 4 bull(s) and 2 cow(s)
Turn 146:
> le9h3j
Grade: 3 bull(s) and 3 cow(s)
Turn 147:
> 9elh3j
Grade: 2 bull(s) and 4 cow(s)
Turn 148:
> e9lh3j
Grade: 2 bull(s) and 4 cow(s)
Turn 149:
> h9le3j
Grade: 1 bull(s) and 5 cow(s)
Turn 150:
> 9hle3j
Grade: 1 bull(s) and 5 cow(s)
Turn 151:
> lh9e3j
Grade: 2 bull(s) and 4 cow(s)
Turn 152:
> hl9e3j
Grade: 3 bull(s) and 3 cow(s)
Turn 153:
> 9lhe3j
Grade: 2 bull(s) and 4 cow(s)
Turn 154:
> l9he3j
Grade: 1 bull(s) and 5 cow(s)
Turn 155:
> leh93j
Grade: 1 bull(s) and 5 cow(s)
Turn 156:
> elh93j
Grade: 2 bull(s) and 4 cow(s)
Turn 157:
> hle93j
Grade: 2 bull(s) and 4 cow(s)
Turn 158:
> lhe93j
Grade: 1 bull(s) and 5 cow(s)
Turn 159:
> ehl93j
Grade: 1 bull(s) and 5 cow(s)
Turn 160:
> hel93j
Grade: 1 bull(s) and 5 cow(s)
Turn 161:
> he9l3j
Grade: 2 bull(s) and 4 cow(s)
Turn 162:
> eh9l3j
Grade: 2 bull(s) and 4 cow(s)
Turn 163:
> 9hel3j
Grade: 1 bull(s) and 5 cow(s)
Turn 164:
> h9el3j
Grade: 1 bull(s) and 5 cow(s)
Turn 165:
> e9hl3j
Grade: 1 bull(s) and 5 cow(s)
Turn 166:
> 9ehl3j
Grade: 1 bull(s) and 5 cow(s)
Turn 167:
> 3ehl9j
Grade: 2 bull(s) and 4 cow(s)
Turn 168:
> e3hl9j
Grade: 1 bull(s) and 5 cow(s)
Turn 169:
> h3el9j
Grade: 1 bull(s) and 5 cow(s)
Turn 170:
> 3hel9j
Grade: 2 bull(s) and 4 cow(s)
Turn 171:
> eh3l9j
Grade: 1 bull(s) and 5 cow(s)
Turn 172:
> he3l9j
Grade: 1 bull(s) and 5 cow(s)
Turn 173:
> le3h9j
Grade: 2 bull(s) and 4 cow(s)
Turn 174:
> el3h9j
Grade: 3 bull(s) and 3 cow(s)
Turn 175:
> 3leh9j
Grade: 4 bull(s) and 2 cow(s)
Turn 176:
> l3eh9j
Grade: 2 bull(s) and 4 cow(s)
Turn 177:
> e3lh9j
Grade: 2 bull(s) and 4 cow(s)
Turn 178:
> 3elh9j
Grade: 3 bull(s) and 3 cow(s)
Turn 179:
> 3hle9j
Grade: 2 bull(s) and 4 cow(s)
Turn 180:
> h3le9j
Grade: 1 bull(s) and 5 cow(s)
Turn 181:
> l3he9j
Grade: 1 bull(s) and 5 cow(s)
Turn 182:
> 3lhe9j
Grade: 3 bull(s) and 3 cow(s)
Turn 183:
> hl3e9j
Grade: 2 bull(s) and 4 cow(s)
Turn 184:
> lh3e9j
Grade: 1 bull(s) and 5 cow(s)
Turn 185:
> lhe39j
Grade: 1 bull(s) and 5 cow(s)
Turn 186:
> hle39j
Grade: 2 bull(s) and 4 cow(s)
Turn 187:
> elh39j
Grade: 2 bull(s) and 4 cow(s)
Turn 188:
> leh39j
Grade: 1 bull(s) and 5 cow(s)
Turn 189:
> hel39j
Grade: 1 bull(s) and 5 cow(s)
Turn 190:
> ehl39j
Grade: 1 bull(s) and 5 cow(s)
Turn 191:
> 9hl3ej
Grade: 2 bull(s) and 4 cow(s)
Turn 192:
> h9l3ej
Grade: 2 bull(s) and 4 cow(s)
Turn 193:
> l9h3ej
Grade: 2 bull(s) and 4 cow(s)
Turn 194:
> 9lh3ej
Grade: 3 bull(s) and 3 cow(s)
Turn 195:
> hl93ej
Grade: 4 bull(s) and 2 cow(s)
Turn 196:
> lh93ej
Grade: 3 bull(s) and 3 cow(s)
Turn 197:
> 3h9lej
Grade: 4 bull(s) and 2 cow(s)
Turn 198:
> h39lej
Grade: 3 bull(s) and 3 cow(s)
Turn 199:
> 93hlej
Grade: 2 bull(s) and 4 cow(s)
Turn 200:
> 39hlej
Grade: 3 bull(s) and 3 cow(s)
Turn 201:
> h93lej
Grade: 2 bull(s) and 4 cow(s)
Turn 202:
> 9h3lej
Grade: 2 bull(s) and 4 cow(s)
Turn 203:
> 9l3hej
Grade: 4 bull(s) and 2 cow(s)
Turn 204:
> l93hej
Grade: 3 bull(s) and 3 cow(s)
Turn 205:
> 39lhej
Grade: 4 bull(s) and 2 cow(s)
Turn 206:
> 93lhej
Grade: 3 bull(s) and 3 cow(s)
Turn 207:
> l39hej
Grade: 4 bull(s) and 2 cow(s)
Turn 208:
> 3l9hej
Grade: 6 bull(s)
Congratulations! You guessed the secret code.
?[1;31m
Start test 7?[0m
Input the length of the secret code:
> 0
Input the number of possible symbols in the code:
> 1
Error: can't generate a secret number with a length of 0.
?[1;31m
Start test 8?[0m
Input the length of the secret code:
> 10
Input the number of possible symbols in the code:
> 9
Error: it's not possible to generate a code with a length of 10 with 9 unique symbols.
?[1;31m
Start test 9?[0m
Input the length of the secret code:
> 9
Input the number of possible symbols in the code:
> 37
Error: maximum number of possible symbols in the code is 36 (0-9, a-z).
?[1;31m
Start test 10?[0m
Input the length of the secret code:
> abcdefg 1 -6
Error: "abcdefg 1 -6" isn't a valid number.
]]></system-out>
  <system-err><![CDATA[]]></system-err>
</testsuite>
